<?xml version="1.0" encoding="UTF-8"?>
<coverage generated="1740700790015" clover="3.2.0">
  <project timestamp="1740700790015" name="All files">
    <metrics statements="25" coveredstatements="10" conditionals="6" coveredconditionals="0" methods="4" coveredmethods="0" elements="35" coveredelements="10" complexity="0" loc="25" ncloc="25" packages="1" files="1" classes="1"/>
    <file name="server.js" path="/Users/elisaholland/Desktop/project-003-story-builder-team-2/my-app/server.js">
      <metrics statements="25" coveredstatements="10" conditionals="6" coveredconditionals="0" methods="4" coveredmethods="0"/>
      <line num="14" count="1" type="stmt"/>
      <line num="17" count="1" type="stmt"/>
      <line num="18" count="1" type="stmt"/>
      <line num="21" count="1" type="stmt"/>
      <line num="22" count="1" type="stmt"/>
      <line num="27" count="1" type="stmt"/>
      <line num="28" count="0" type="stmt"/>
      <line num="32" count="1" type="stmt"/>
      <line num="33" count="0" type="stmt"/>
      <line num="35" count="0" type="stmt"/>
      <line num="36" count="0" type="stmt"/>
      <line num="57" count="0" type="stmt"/>
      <line num="62" count="0" type="cond" truecount="0" falsecount="2"/>
      <line num="63" count="0" type="cond" truecount="0" falsecount="2"/>
      <line num="69" count="1" type="stmt"/>
      <line num="73" count="1" type="stmt"/>
      <line num="74" count="0" type="stmt"/>
      <line num="75" count="0" type="stmt"/>
      <line num="78" count="0" type="stmt"/>
      <line num="86" count="0" type="stmt"/>
      <line num="89" count="0" type="stmt"/>
      <line num="96" count="0" type="stmt"/>
      <line num="97" count="0" type="stmt"/>
      <line num="103" count="1" type="stmt"/>
      <line num="104" count="0" type="stmt"/>
    </file>
  </project>
</coverage>
