{"/Users/elisaholland/Desktop/project-003-story-builder-team-2/my-app/server.js": {"path":"/Users/elisaholland/Desktop/project-003-story-builder-team-2/my-app/server.js","statementMap":{"0":{"start":{"line":14,"column":0},"end":{"line":14,"column":16}},"1":{"start":{"line":17,"column":12},"end":{"line":17,"column":21}},"2":{"start":{"line":18,"column":13},"end":{"line":18,"column":17}},"3":{"start":{"line":21,"column":0},"end":{"line":21,"column":16}},"4":{"start":{"line":22,"column":0},"end":{"line":22,"column":24}},"5":{"start":{"line":27,"column":0},"end":{"line":29,"column":3}},"6":{"start":{"line":28,"column":4},"end":{"line":28,"column":25}},"7":{"start":{"line":32,"column":0},"end":{"line":65,"column":3}},"8":{"start":{"line":33,"column":23},"end":{"line":33,"column":31}},"9":{"start":{"line":35,"column":4},"end":{"line":64,"column":5}},"10":{"start":{"line":36,"column":26},"end":{"line":52,"column":9}},"11":{"start":{"line":57,"column":8},"end":{"line":57,"column":32}},"12":{"start":{"line":62,"column":8},"end":{"line":62,"column":84}},"13":{"start":{"line":63,"column":8},"end":{"line":63,"column":79}},"14":{"start":{"line":69,"column":15},"end":{"line":71,"column":2}},"15":{"start":{"line":73,"column":0},"end":{"line":99,"column":3}},"16":{"start":{"line":74,"column":4},"end":{"line":98,"column":5}},"17":{"start":{"line":75,"column":27},"end":{"line":75,"column":35}},"18":{"start":{"line":78,"column":27},"end":{"line":84,"column":10}},"19":{"start":{"line":86,"column":8},"end":{"line":86,"column":59}},"20":{"start":{"line":89,"column":8},"end":{"line":91,"column":11}},"21":{"start":{"line":96,"column":8},"end":{"line":96,"column":59}},"22":{"start":{"line":97,"column":8},"end":{"line":97,"column":70}},"23":{"start":{"line":103,"column":15},"end":{"line":105,"column":2}},"24":{"start":{"line":104,"column":4},"end":{"line":104,"column":53}}},"fnMap":{"0":{"name":"(anonymous_0)","decl":{"start":{"line":27,"column":13},"end":{"line":27,"column":14}},"loc":{"start":{"line":27,"column":27},"end":{"line":29,"column":1}},"line":27},"1":{"name":"(anonymous_1)","decl":{"start":{"line":32,"column":22},"end":{"line":32,"column":23}},"loc":{"start":{"line":32,"column":42},"end":{"line":65,"column":1}},"line":32},"2":{"name":"(anonymous_2)","decl":{"start":{"line":73,"column":24},"end":{"line":73,"column":25}},"loc":{"start":{"line":73,"column":44},"end":{"line":99,"column":1}},"line":73},"3":{"name":"(anonymous_3)","decl":{"start":{"line":103,"column":32},"end":{"line":103,"column":33}},"loc":{"start":{"line":103,"column":38},"end":{"line":105,"column":1}},"line":103}},"branchMap":{"0":{"loc":{"start":{"line":62,"column":45},"end":{"line":62,"column":82}},"type":"binary-expr","locations":[{"start":{"line":62,"column":45},"end":{"line":62,"column":65}},{"start":{"line":62,"column":69},"end":{"line":62,"column":82}}],"line":62},"1":{"loc":{"start":{"line":63,"column":38},"end":{"line":63,"column":75}},"type":"binary-expr","locations":[{"start":{"line":63,"column":38},"end":{"line":63,"column":58}},{"start":{"line":63,"column":62},"end":{"line":63,"column":75}}],"line":63},"2":{"loc":{"start":{"line":82,"column":41},"end":{"line":82,"column":106}},"type":"binary-expr","locations":[{"start":{"line":82,"column":41},"end":{"line":82,"column":47}},{"start":{"line":82,"column":51},"end":{"line":82,"column":106}}],"line":82}},"s":{"0":1,"1":1,"2":1,"3":1,"4":1,"5":1,"6":0,"7":1,"8":0,"9":0,"10":0,"11":0,"12":0,"13":0,"14":1,"15":1,"16":2,"17":2,"18":2,"19":0,"20":0,"21":2,"22":2,"23":1,"24":1},"f":{"0":0,"1":0,"2":2,"3":1},"b":{"0":[0,0],"1":[0,0],"2":[0,0]},"_coverageSchema":"1a1c01bbd47fc00a2c39e90264f33305004495a9","hash":"78977c107b56ec7f31043900c4e6cbee6df5d0ac"}
}
