TN:
SF:server.js
FN:27,(anonymous_0)
FN:32,(anonymous_1)
FN:73,(anonymous_2)
FN:103,(anonymous_3)
FNF:4
FNH:2
FNDA:0,(anonymous_0)
FNDA:0,(anonymous_1)
FNDA:2,(anonymous_2)
FNDA:1,(anonymous_3)
DA:14,1
DA:17,1
DA:18,1
DA:21,1
DA:22,1
DA:27,1
DA:28,0
DA:32,1
DA:33,0
DA:35,0
DA:36,0
DA:57,0
DA:62,0
DA:63,0
DA:69,1
DA:73,1
DA:74,2
DA:75,2
DA:78,2
DA:86,0
DA:89,0
DA:96,2
DA:97,2
DA:103,1
DA:104,1
LF:25
LH:16
BRDA:62,0,0,0
BRDA:62,0,1,0
BRDA:63,1,0,0
BRDA:63,1,1,0
BRDA:82,2,0,0
BRDA:82,2,1,0
BRF:6
BRH:0
end_of_record
